<?xml version="1.0" encoding="UTF-8"?><testrun name="(default package) (1)" project="MediaPlayer_GdP2_VA07" tests="34" started="34" failures="0" errors="3" ignored="0">
  <testsuite name="AttributesTest" time="0.006">
    <testcase name="testAttributes" classname="AttributesTest" time="0.005">
      <error>junit.framework.AssertionFailedError: Zugriff auf Attribut'album' darf nicht public sein!
	at junit.framework.Assert.fail(Assert.java:47)
	at junit.framework.Assert.assertTrue(Assert.java:20)
	at AttributesTest.testAttributes(AttributesTest.java:44)
	at sun.reflect.NativeMethodAccessorImpl.invoke0(Native Method)
	at sun.reflect.NativeMethodAccessorImpl.invoke(NativeMethodAccessorImpl.java:57)
	at sun.reflect.DelegatingMethodAccessorImpl.invoke(DelegatingMethodAccessorImpl.java:43)
	at java.lang.reflect.Method.invoke(Method.java:606)
	at junit.framework.TestCase.runTest(TestCase.java:164)
	at junit.framework.TestCase.runBare(TestCase.java:130)
	at junit.framework.TestResult$1.protect(TestResult.java:106)
	at junit.framework.TestResult.runProtected(TestResult.java:124)
	at junit.framework.TestResult.run(TestResult.java:109)
	at junit.framework.TestCase.run(TestCase.java:120)
	at junit.framework.TestSuite.runTest(TestSuite.java:230)
	at junit.framework.TestSuite.run(TestSuite.java:225)
	at org.junit.internal.runners.JUnit38ClassRunner.run(JUnit38ClassRunner.java:83)
	at org.eclipse.jdt.internal.junit4.runner.JUnit4TestReference.run(JUnit4TestReference.java:50)
	at org.eclipse.jdt.internal.junit.runner.TestExecution.run(TestExecution.java:38)
	at org.eclipse.jdt.internal.junit.runner.RemoteTestRunner.runTests(RemoteTestRunner.java:467)
	at org.eclipse.jdt.internal.junit.runner.RemoteTestRunner.runTests(RemoteTestRunner.java:683)
	at org.eclipse.jdt.internal.junit.runner.RemoteTestRunner.run(RemoteTestRunner.java:390)
	at org.eclipse.jdt.internal.junit.runner.RemoteTestRunner.main(RemoteTestRunner.java:197)

</error>
    </testcase>
  </testsuite>
  <testsuite name="SampledFileTest" time="7.969">
    <testcase name="testSuperClass" classname="SampledFileTest" time="0.0"/>
    <testcase name="testAbstract" classname="SampledFileTest" time="0.0"/>
    <testcase name="testConstructor" classname="SampledFileTest" time="0.0"/>
    <testcase name="test_timeFormatter_01" classname="SampledFileTest" time="0.0"/>
    <testcase name="test_timeFormatter_02" classname="SampledFileTest" time="0.0"/>
    <testcase name="test_timeFormatter_03" classname="SampledFileTest" time="0.001"/>
    <testcase name="testPlayPauseStop" classname="SampledFileTest" time="7.954"/>
    <testcase name="test_getFormattedDuration_01" classname="SampledFileTest" time="0.014"/>
  </testsuite>
  <testsuite name="TaggedFileTest" time="0.12">
    <testcase name="testSuperClass" classname="TaggedFileTest" time="0.001"/>
    <testcase name="testConstructor" classname="TaggedFileTest" time="0.009"/>
    <testcase name="testToString" classname="TaggedFileTest" time="0.005"/>
    <testcase name="test_readAndStoreTags_01" classname="TaggedFileTest" time="0.003"/>
    <testcase name="test_fields_01" classname="TaggedFileTest" time="0.002">
      <error>java.lang.NullPointerException
	at java.util.Arrays$ArrayList.&lt;init&gt;(Arrays.java:2842)
	at java.util.Arrays.asList(Arrays.java:2828)
	at TaggedFileTest.test_fields_01(TaggedFileTest.java:67)
	at sun.reflect.NativeMethodAccessorImpl.invoke0(Native Method)
	at sun.reflect.NativeMethodAccessorImpl.invoke(NativeMethodAccessorImpl.java:57)
	at sun.reflect.DelegatingMethodAccessorImpl.invoke(DelegatingMethodAccessorImpl.java:43)
	at java.lang.reflect.Method.invoke(Method.java:606)
	at junit.framework.TestCase.runTest(TestCase.java:164)
	at junit.framework.TestCase.runBare(TestCase.java:130)
	at junit.framework.TestResult$1.protect(TestResult.java:106)
	at junit.framework.TestResult.runProtected(TestResult.java:124)
	at junit.framework.TestResult.run(TestResult.java:109)
	at junit.framework.TestCase.run(TestCase.java:120)
	at junit.framework.TestSuite.runTest(TestSuite.java:230)
	at junit.framework.TestSuite.run(TestSuite.java:225)
	at org.junit.internal.runners.JUnit38ClassRunner.run(JUnit38ClassRunner.java:83)
	at org.eclipse.jdt.internal.junit4.runner.JUnit4TestReference.run(JUnit4TestReference.java:50)
	at org.eclipse.jdt.internal.junit.runner.TestExecution.run(TestExecution.java:38)
	at org.eclipse.jdt.internal.junit.runner.RemoteTestRunner.runTests(RemoteTestRunner.java:467)
	at org.eclipse.jdt.internal.junit.runner.RemoteTestRunner.runTests(RemoteTestRunner.java:683)
	at org.eclipse.jdt.internal.junit.runner.RemoteTestRunner.run(RemoteTestRunner.java:390)
	at org.eclipse.jdt.internal.junit.runner.RemoteTestRunner.main(RemoteTestRunner.java:197)

</error>
    </testcase>
    <testcase name="testNrAttributes" classname="TaggedFileTest" time="0.004"/>
    <testcase name="testInvalid" classname="TaggedFileTest" time="0.066"/>
  </testsuite>
  <testsuite name="AudioFileTest" time="0.143">
    <testcase name="testAbstract" classname="AudioFileTest" time="0.011"/>
    <testcase name="testToString" classname="AudioFileTest" time="0.0"/>
    <testcase name="testGetPathname" classname="AudioFileTest" time="0.0"/>
    <testcase name="testGetFilename" classname="AudioFileTest" time="0.0"/>
    <testcase name="testGetAuthor" classname="AudioFileTest" time="0.0"/>
    <testcase name="testGetTitle" classname="AudioFileTest" time="0.0"/>
    <testcase name="testNonExisting" classname="AudioFileTest" time="0.0"/>
    <testcase name="testAbstractMethods" classname="AudioFileTest" time="0.022"/>
    <testcase name="testFields" classname="AudioFileTest" time="0.001">
      <error>java.lang.NullPointerException
	at java.util.Arrays$ArrayList.&lt;init&gt;(Arrays.java:2842)
	at java.util.Arrays.asList(Arrays.java:2828)
	at AudioFileTest.testFields(AudioFileTest.java:131)
	at sun.reflect.NativeMethodAccessorImpl.invoke0(Native Method)
	at sun.reflect.NativeMethodAccessorImpl.invoke(NativeMethodAccessorImpl.java:57)
	at sun.reflect.DelegatingMethodAccessorImpl.invoke(DelegatingMethodAccessorImpl.java:43)
	at java.lang.reflect.Method.invoke(Method.java:606)
	at junit.framework.TestCase.runTest(TestCase.java:164)
	at junit.framework.TestCase.runBare(TestCase.java:130)
	at junit.framework.TestResult$1.protect(TestResult.java:106)
	at junit.framework.TestResult.runProtected(TestResult.java:124)
	at junit.framework.TestResult.run(TestResult.java:109)
	at junit.framework.TestCase.run(TestCase.java:120)
	at junit.framework.TestSuite.runTest(TestSuite.java:230)
	at junit.framework.TestSuite.run(TestSuite.java:225)
	at org.junit.internal.runners.JUnit38ClassRunner.run(JUnit38ClassRunner.java:83)
	at org.eclipse.jdt.internal.junit4.runner.JUnit4TestReference.run(JUnit4TestReference.java:50)
	at org.eclipse.jdt.internal.junit.runner.TestExecution.run(TestExecution.java:38)
	at org.eclipse.jdt.internal.junit.runner.RemoteTestRunner.runTests(RemoteTestRunner.java:467)
	at org.eclipse.jdt.internal.junit.runner.RemoteTestRunner.runTests(RemoteTestRunner.java:683)
	at org.eclipse.jdt.internal.junit.runner.RemoteTestRunner.run(RemoteTestRunner.java:390)
	at org.eclipse.jdt.internal.junit.runner.RemoteTestRunner.main(RemoteTestRunner.java:197)

</error>
    </testcase>
    <testcase name="testNullTags" classname="AudioFileTest" time="0.104"/>
  </testsuite>
  <testsuite name="WavFileTest" time="0.03">
    <testcase name="testSuperClass" classname="WavFileTest" time="0.008"/>
    <testcase name="testConstructor" classname="WavFileTest" time="0.002"/>
    <testcase name="testToString" classname="WavFileTest" time="0.003"/>
    <testcase name="test_fields_01" classname="WavFileTest" time="0.006"/>
    <testcase name="testNrAttributes" classname="WavFileTest" time="0.003"/>
    <testcase name="testInvalid" classname="WavFileTest" time="0.006"/>
    <testcase name="test_computeDuration_01" classname="WavFileTest" time="0.002"/>
    <testcase name="test_readAndSetDurationFromFile_01" classname="WavFileTest" time="0.001"/>
  </testsuite>
</testrun>
